Internal Server Error: /blog/detail/13/
Traceback (most recent call last):
  File "C:\Users\cloud\norangv\norang\unknownstation\views.py", line 79, in detail
    logger.INFO("post detail:",post_id,post.title)
AttributeError: 'Logger' object has no attribute 'INFO'

During handling of the above exception, another exception occurred:

Traceback (most recent call last):
  File "C:\Users\cloud\Anaconda3\envs\norangv\lib\site-packages\django\core\handlers\exception.py", line 34, in inner
    response = get_response(request)
  File "C:\Users\cloud\Anaconda3\envs\norangv\lib\site-packages\django\core\handlers\base.py", line 126, in _get_response
    response = self.process_exception_by_middleware(e, request)
  File "C:\Users\cloud\Anaconda3\envs\norangv\lib\site-packages\django\core\handlers\base.py", line 124, in _get_response
    response = wrapped_callback(request, *callback_args, **callback_kwargs)
  File "C:\Users\cloud\norangv\norang\unknownstation\views.py", line 90, in detail
    logger.DEBUG("post detail 404:", post_id)
AttributeError: 'Logger' object has no attribute 'DEBUG'
"GET /blog/detail/13/ HTTP/1.1" 500 72635
"GET /blog/detail/13/ HTTP/1.1" 200 4809
"GET /blog/detail/13/ HTTP/1.1" 200 4809
"GET /blog/search/?keyword=%EB%85%B8%EB%9E%91&page=1 HTTP/1.1" 200 4520
"GET /blog/detail/10/ HTTP/1.1" 200 4897
"GET /blog/search/?keyword=%EB%85%B8%EB%9E%91%EC%95%84&page=1 HTTP/1.1" 200 4523
2019-01-20 17:22:47:[search post] 노랑아
"GET /blog/search/?keyword=%EB%85%B8%EB%9E%91%EC%95%84&page=1 HTTP/1.1" 200 4523
Internal Server Error: /blog/detail/10/
Traceback (most recent call last):
  File "C:\Users\cloud\norangv\norang\unknownstation\views.py", line 80, in detail
    logger.info(datetime.now().strftime('%Y-%m-%d %H:%M:%S')+": [post detail] "+post_id+"/"+post.title)
TypeError: can only concatenate str (not "int") to str

During handling of the above exception, another exception occurred:

Traceback (most recent call last):
  File "C:\Users\cloud\Anaconda3\envs\norangv\lib\site-packages\django\core\handlers\exception.py", line 34, in inner
    response = get_response(request)
  File "C:\Users\cloud\Anaconda3\envs\norangv\lib\site-packages\django\core\handlers\base.py", line 126, in _get_response
    response = self.process_exception_by_middleware(e, request)
  File "C:\Users\cloud\Anaconda3\envs\norangv\lib\site-packages\django\core\handlers\base.py", line 124, in _get_response
    response = wrapped_callback(request, *callback_args, **callback_kwargs)
  File "C:\Users\cloud\norangv\norang\unknownstation\views.py", line 91, in detail
    logger.debug(datetime.now().strftime('%Y-%m-%d %H:%M:%S')+": [post detail 404] "+ post_id)
TypeError: can only concatenate str (not "int") to str
"GET /blog/detail/10/ HTTP/1.1" 500 72907
2019-01-20 17:25:47 [post detail] 10/노랑아 사랑해
"GET /blog/detail/10/ HTTP/1.1" 200 4897
"GET /blog/search?keyword=%ED%8C%90%EA%B5%90&page=1 HTTP/1.1" 301 0
2019-01-20 17:26:15 [search post] keyword:판교
"GET /blog/search/?keyword=%ED%8C%90%EA%B5%90&page=1 HTTP/1.1" 200 4063
"GET /blog/ HTTP/1.1" 200 6577
"GET /blog/month/ HTTP/1.1" 200 4376
"GET /blog/category/ HTTP/1.1" 200 4293
"GET /blog/ HTTP/1.1" 200 6577
"GET /blog/ HTTP/1.1" 200 6577
"GET /static/css/style.css HTTP/1.1" 200 7033
"GET /static/css/markdown.css HTTP/1.1" 200 12206
"GET /static/js/unknownstation.js HTTP/1.1" 200 4481
"GET /static/assets/search.png HTTP/1.1" 200 6677
"GET /static/assets/folder.png HTTP/1.1" 200 1980
"GET /static/assets/calendar.png HTTP/1.1" 200 1427
"GET /static/favicon/site.webmanifest HTTP/1.1" 200 287
2019-01-26 14:24:53 [post detail] 13/published test
"GET /blog/detail/13/ HTTP/1.1" 200 4809
2019-01-26 14:25:12 [post detail] 12/호호호
"GET /blog/detail/12/ HTTP/1.1" 200 5121
2019-01-26 14:28:11 [post detail] 12/호호호
"GET /blog/detail/12/ HTTP/1.1" 200 5121
"GET /static/css/style.css HTTP/1.1" 200 7033
"GET /static/css/markdown.css HTTP/1.1" 200 12256
"GET /static/assets/search.png HTTP/1.1" 200 6677
"GET /static/assets/folder.png HTTP/1.1" 200 1980
"GET /static/js/unknownstation.js HTTP/1.1" 200 4481
"GET /static/assets/calendar.png HTTP/1.1" 200 1427
"GET /static/favicon/site.webmanifest HTTP/1.1" 200 287
"GET /static/favicon/favicon-32x32.png HTTP/1.1" 200 748
"GET /static/favicon/favicon-16x16.png HTTP/1.1" 200 876
2019-01-26 14:29:02 [post detail] 12/호호호
"GET /blog/detail/12/ HTTP/1.1" 200 5121
"GET /static/css/style.css HTTP/1.1" 200 7033
"GET /static/css/markdown.css HTTP/1.1" 200 12256
"GET /static/assets/search.png HTTP/1.1" 200 6677
"GET /static/assets/folder.png HTTP/1.1" 200 1980
"GET /static/js/unknownstation.js HTTP/1.1" 200 4481
"GET /static/assets/calendar.png HTTP/1.1" 200 1427
"GET /static/favicon/site.webmanifest HTTP/1.1" 200 287
"GET /static/favicon/favicon-32x32.png HTTP/1.1" 200 748
"GET /static/favicon/favicon-16x16.png HTTP/1.1" 200 876
2019-01-26 14:29:24 [post detail] 12/호호호
"GET /blog/detail/12/ HTTP/1.1" 200 5121
"GET /static/css/style.css HTTP/1.1" 200 7033
"GET /static/css/markdown.css HTTP/1.1" 200 12256
"GET /static/assets/search.png HTTP/1.1" 200 6677
"GET /static/assets/folder.png HTTP/1.1" 200 1980
"GET /static/js/unknownstation.js HTTP/1.1" 200 4481
"GET /static/assets/calendar.png HTTP/1.1" 200 1427
"GET /static/favicon/site.webmanifest HTTP/1.1" 200 287
"GET /static/favicon/favicon-32x32.png HTTP/1.1" 200 748
"GET /static/favicon/favicon-16x16.png HTTP/1.1" 200 876
2019-01-26 14:30:10 [post detail] 12/호호호
"GET /blog/detail/12/ HTTP/1.1" 200 5121
"GET /static/css/style.css HTTP/1.1" 200 7033
"GET /static/css/markdown.css HTTP/1.1" 200 12272
"GET /static/assets/search.png HTTP/1.1" 200 6677
"GET /static/assets/folder.png HTTP/1.1" 200 1980
"GET /static/js/unknownstation.js HTTP/1.1" 200 4481
"GET /static/assets/calendar.png HTTP/1.1" 200 1427
"GET /static/favicon/site.webmanifest HTTP/1.1" 200 287
"GET /static/favicon/favicon-32x32.png HTTP/1.1" 200 748
"GET /static/favicon/favicon-16x16.png HTTP/1.1" 200 876
2019-01-26 14:30:30 [post detail] 12/호호호
"GET /blog/detail/12/ HTTP/1.1" 200 5121
"GET /static/css/style.css HTTP/1.1" 200 7033
"GET /static/css/markdown.css HTTP/1.1" 200 12272
"GET /static/assets/search.png HTTP/1.1" 200 6677
"GET /static/assets/folder.png HTTP/1.1" 200 1980
"GET /static/js/unknownstation.js HTTP/1.1" 200 4481
"GET /static/assets/calendar.png HTTP/1.1" 200 1427
"GET /static/favicon/site.webmanifest HTTP/1.1" 200 287
"GET /static/favicon/favicon-32x32.png HTTP/1.1" 200 748
"GET /static/favicon/favicon-16x16.png HTTP/1.1" 200 876
2019-01-26 14:32:32 [post detail] 12/호호호
"GET /blog/detail/12/ HTTP/1.1" 200 5121
"GET /static/css/style.css HTTP/1.1" 200 7033
"GET /static/css/markdown.css HTTP/1.1" 200 12272
"GET /static/assets/search.png HTTP/1.1" 200 6677
"GET /static/js/unknownstation.js HTTP/1.1" 200 4481
"GET /static/assets/folder.png HTTP/1.1" 200 1980
"GET /static/assets/calendar.png HTTP/1.1" 200 1427
"GET /static/favicon/site.webmanifest HTTP/1.1" 200 287
"GET /static/favicon/favicon-32x32.png HTTP/1.1" 200 748
"GET /static/favicon/favicon-16x16.png HTTP/1.1" 200 876
2019-01-26 14:32:48 [post detail] 12/호호호
"GET /blog/detail/12/ HTTP/1.1" 200 5121
"GET /static/css/style.css HTTP/1.1" 200 7033
"GET /static/css/markdown.css HTTP/1.1" 200 12256
"GET /static/assets/search.png HTTP/1.1" 200 6677
"GET /static/assets/folder.png HTTP/1.1" 200 1980
"GET /static/js/unknownstation.js HTTP/1.1" 200 4481
"GET /static/assets/calendar.png HTTP/1.1" 200 1427
"GET /static/favicon/site.webmanifest HTTP/1.1" 200 287
"GET /static/favicon/favicon-32x32.png HTTP/1.1" 200 748
"GET /static/favicon/favicon-16x16.png HTTP/1.1" 200 876
2019-01-26 14:33:11 [post detail] 12/호호호
"GET /blog/detail/12/ HTTP/1.1" 200 5121
"GET /static/css/markdown.css HTTP/1.1" 200 12256
"GET /static/favicon/favicon-32x32.png HTTP/1.1" 200 748
2019-01-26 14:33:32 [post detail] 12/호호호
"GET /blog/detail/12/ HTTP/1.1" 200 5121
"GET /static/css/markdown.css HTTP/1.1" 200 12256
"GET /static/favicon/favicon-32x32.png HTTP/1.1" 200 748
2019-01-26 14:34:00 [post detail] 12/호호호
"GET /blog/detail/12/ HTTP/1.1" 200 5121
"GET /static/css/markdown.css HTTP/1.1" 200 12256
"GET /static/favicon/favicon-32x32.png HTTP/1.1" 200 748
"GET /blog/month/ HTTP/1.1" 200 4376
"GET /static/css/markdown.css HTTP/1.1" 304 0
"GET /blog/category/ HTTP/1.1" 200 4293
"GET /blog/month/ HTTP/1.1" 200 4376
"GET /blog/ HTTP/1.1" 200 6577
"GET /blog/ HTTP/1.1" 200 6577
"GET /static/css/style.css HTTP/1.1" 200 7015
"GET /static/css/markdown.css HTTP/1.1" 200 12256
"GET /static/assets/search.png HTTP/1.1" 200 6677
"GET /static/assets/folder.png HTTP/1.1" 200 1980
"GET /static/js/unknownstation.js HTTP/1.1" 200 4481
"GET /static/assets/calendar.png HTTP/1.1" 200 1427
"GET /static/favicon/site.webmanifest HTTP/1.1" 200 287
"GET /static/favicon/favicon-32x32.png HTTP/1.1" 200 748
"GET /static/favicon/favicon-16x16.png HTTP/1.1" 200 876
2019-01-26 14:44:42 [post detail] 13/published test
"GET /blog/detail/13/ HTTP/1.1" 200 4809
"GET /static/css/style.css HTTP/1.1" 304 0
"GET /static/css/markdown.css HTTP/1.1" 304 0
2019-01-26 14:46:06 [post detail] 13/published test
"GET /blog/detail/13/ HTTP/1.1" 200 4809
"GET /static/css/style.css HTTP/1.1" 304 0
"GET /static/css/markdown.css HTTP/1.1" 304 0
2019-01-26 14:46:13 [post detail] 12/호호호
"GET /blog/detail/12/ HTTP/1.1" 200 5121
"GET /blog/ HTTP/1.1" 200 6577
"GET /static/css/style.css HTTP/1.1" 200 7011
"GET /static/css/markdown.css HTTP/1.1" 304 0
"GET /static/favicon/favicon-32x32.png HTTP/1.1" 200 748
"GET /blog/ HTTP/1.1" 200 6577
"GET /static/css/style.css HTTP/1.1" 304 0
"GET /static/favicon/favicon-32x32.png HTTP/1.1" 200 748
"GET /blog/logout/ HTTP/1.1" 302 0
"GET /blog/ HTTP/1.1" 200 5033
"GET /static/css/style.css HTTP/1.1" 304 0
"GET /static/css/markdown.css HTTP/1.1" 304 0
"GET /accounts/login HTTP/1.1" 200 1998
"GET /static/css/login.css HTTP/1.1" 200 975
Not Found: /favicon.ico
"GET /favicon.ico HTTP/1.1" 404 2533
"GET /blog/ HTTP/1.1" 200 5033
"GET /blog/ HTTP/1.1" 200 5024
"GET /static/css/style.css HTTP/1.1" 304 0
"GET /static/css/markdown.css HTTP/1.1" 304 0
"GET /static/favicon/favicon-32x32.png HTTP/1.1" 200 748
"GET /blog/ HTTP/1.1" 200 5047
"GET /static/css/style.css HTTP/1.1" 200 7051
"GET /static/css/markdown.css HTTP/1.1" 304 0
"GET /static/favicon/favicon-32x32.png HTTP/1.1" 200 748
"GET /blog/ HTTP/1.1" 200 5038
"GET /static/css/style.css HTTP/1.1" 200 7091
"GET /static/favicon/favicon-32x32.png HTTP/1.1" 200 748
"GET /blog/ HTTP/1.1" 200 5038
"GET /static/css/style.css HTTP/1.1" 200 7091
"GET /static/css/markdown.css HTTP/1.1" 200 12256
"GET /static/assets/search.png HTTP/1.1" 200 6677
"GET /static/assets/folder.png HTTP/1.1" 200 1980
"GET /static/js/unknownstation.js HTTP/1.1" 200 4481
"GET /static/assets/calendar.png HTTP/1.1" 200 1427
"GET /static/favicon/site.webmanifest HTTP/1.1" 200 287
"GET /static/favicon/favicon-32x32.png HTTP/1.1" 200 748
"GET /static/favicon/favicon-16x16.png HTTP/1.1" 200 876
"GET /blog/ HTTP/1.1" 200 5038
"GET /static/css/style.css HTTP/1.1" 200 7091
"GET /static/favicon/favicon-32x32.png HTTP/1.1" 200 748
"GET /blog/ HTTP/1.1" 200 5038
"GET /static/css/style.css HTTP/1.1" 200 7091
"GET /static/favicon/favicon-32x32.png HTTP/1.1" 200 748
"GET /blog/ HTTP/1.1" 200 5038
"GET /static/css/style.css HTTP/1.1" 200 7091
"GET /static/favicon/favicon-32x32.png HTTP/1.1" 200 748
"GET /blog/ HTTP/1.1" 200 5038
"GET /static/css/style.css HTTP/1.1" 200 7112
"GET /static/favicon/favicon-32x32.png HTTP/1.1" 200 748
"GET /blog/ HTTP/1.1" 200 5042
"GET /static/css/style.css HTTP/1.1" 304 0
"GET /static/css/markdown.css HTTP/1.1" 304 0
"GET /static/favicon/favicon-32x32.png HTTP/1.1" 200 748
"GET /blog/ HTTP/1.1" 200 5042
"GET /static/css/style.css HTTP/1.1" 304 0
"GET /static/favicon/favicon-32x32.png HTTP/1.1" 200 748
"GET /blog/ HTTP/1.1" 200 5042
"GET /static/css/style.css HTTP/1.1" 200 7112
"GET /static/favicon/favicon-32x32.png HTTP/1.1" 200 748
2019-01-26 15:07:45 [post detail] 13/published test
"GET /blog/detail/13/ HTTP/1.1" 200 4208
"GET /static/css/style.css HTTP/1.1" 304 0
2019-01-26 15:08:33 [post detail] 13/published test
"GET /blog/detail/13/ HTTP/1.1" 200 4208
"GET /static/css/style.css HTTP/1.1" 200 7141
"GET /static/css/markdown.css HTTP/1.1" 304 0
"GET /static/favicon/favicon-32x32.png HTTP/1.1" 200 748
"GET /blog/ HTTP/1.1" 200 5042
"GET /static/css/style.css HTTP/1.1" 304 0
"GET /blog/ HTTP/1.1" 200 5042
"GET /static/css/style.css HTTP/1.1" 200 7137
"GET /static/favicon/favicon-32x32.png HTTP/1.1" 200 748
"GET /blog/ HTTP/1.1" 200 5042
"GET /static/css/style.css HTTP/1.1" 200 7137
"GET /static/css/markdown.css HTTP/1.1" 200 12256
"GET /static/assets/search.png HTTP/1.1" 200 6677
"GET /static/assets/folder.png HTTP/1.1" 200 1980
"GET /static/js/unknownstation.js HTTP/1.1" 200 4481
"GET /static/assets/calendar.png HTTP/1.1" 200 1427
"GET /static/favicon/site.webmanifest HTTP/1.1" 200 287
"GET /static/favicon/favicon-32x32.png HTTP/1.1" 200 748
"GET /static/favicon/favicon-16x16.png HTTP/1.1" 200 876
2019-01-26 15:09:45 [post detail] 13/published test
"GET /blog/detail/13/ HTTP/1.1" 200 4208
"GET /static/css/style.css HTTP/1.1" 304 0
"GET /blog/ HTTP/1.1" 200 5042
"GET /blog/ HTTP/1.1" 200 5042
"GET /static/css/style.css HTTP/1.1" 304 0
"GET /static/favicon/favicon-32x32.png HTTP/1.1" 200 748
"GET /blog/ HTTP/1.1" 200 5034
"GET /static/css/style.css HTTP/1.1" 304 0
"GET /static/favicon/favicon-32x32.png HTTP/1.1" 200 748
2019-01-26 15:10:46 [post detail] 12/호호호
"GET /blog/detail/12/ HTTP/1.1" 200 4512
"GET /static/css/style.css HTTP/1.1" 304 0
"GET /blog/ HTTP/1.1" 200 5034
2019-01-26 15:10:55 [post detail] 13/published test
"GET /blog/detail/13/ HTTP/1.1" 200 4200
2019-01-26 15:11:14 [post detail] 13/published test
"GET /blog/detail/13/ HTTP/1.1" 200 4200
"GET /static/css/style.css HTTP/1.1" 200 7165
"GET /static/favicon/favicon-32x32.png HTTP/1.1" 200 748
2019-01-26 15:12:24 [post detail] 13/published test
"GET /blog/detail/13/ HTTP/1.1" 200 4200
"GET /static/css/style.css HTTP/1.1" 200 7163
"GET /static/css/markdown.css HTTP/1.1" 200 12256
"GET /static/assets/search.png HTTP/1.1" 200 6677
"GET /static/assets/folder.png HTTP/1.1" 200 1980
"GET /static/js/unknownstation.js HTTP/1.1" 200 4481
"GET /static/assets/calendar.png HTTP/1.1" 200 1427
"GET /static/favicon/site.webmanifest HTTP/1.1" 200 287
"GET /static/favicon/favicon-32x32.png HTTP/1.1" 200 748
"GET /static/favicon/favicon-16x16.png HTTP/1.1" 200 876
2019-01-26 15:13:26 [post detail] 13/published test
"GET /blog/detail/13/ HTTP/1.1" 200 4200
"GET /static/css/style.css HTTP/1.1" 200 7162
"GET /static/favicon/favicon-32x32.png HTTP/1.1" 200 748
"GET /blog/ HTTP/1.1" 200 5034
"GET /static/css/style.css HTTP/1.1" 304 0
2019-01-26 15:13:42 [post detail] 6/정체가 뭐냐 대체
"GET /blog/detail/6/ HTTP/1.1" 200 4201
"GET /static/css/style.css HTTP/1.1" 304 0
"GET /blog/ HTTP/1.1" 200 5034
"GET /static/css/style.css HTTP/1.1" 304 0
"GET /blog/ HTTP/1.1" 200 5034
"GET /static/css/style.css HTTP/1.1" 200 7155
"GET /static/favicon/favicon-32x32.png HTTP/1.1" 200 748
"GET /blog/ HTTP/1.1" 200 5042
"GET /static/css/style.css HTTP/1.1" 304 0
"GET /static/css/markdown.css HTTP/1.1" 304 0
"GET /static/favicon/favicon-32x32.png HTTP/1.1" 200 748
2019-01-26 15:18:40 [post detail] 13/published test
"GET /blog/detail/13/ HTTP/1.1" 200 4208
"GET /static/css/style.css HTTP/1.1" 304 0
2019-01-26 15:19:20 [post detail] 13/published test
"GET /blog/detail/13/ HTTP/1.1" 200 4208
"GET /static/css/style.css HTTP/1.1" 200 7175
"GET /static/favicon/favicon-32x32.png HTTP/1.1" 200 748
2019-01-26 15:19:25 [post detail] 13/published test
"GET /blog/detail/13/ HTTP/1.1" 200 4208
"GET /static/css/style.css HTTP/1.1" 200 7175
"GET /static/css/markdown.css HTTP/1.1" 200 12256
"GET /static/assets/folder.png HTTP/1.1" 200 1980
"GET /static/assets/search.png HTTP/1.1" 200 6677
"GET /static/js/unknownstation.js HTTP/1.1" 200 4481
"GET /static/assets/calendar.png HTTP/1.1" 200 1427
"GET /static/favicon/site.webmanifest HTTP/1.1" 200 287
"GET /static/favicon/favicon-32x32.png HTTP/1.1" 200 748
"GET /static/favicon/favicon-16x16.png HTTP/1.1" 200 876
2019-01-26 15:19:44 [post detail] 13/published test
"GET /blog/detail/13/ HTTP/1.1" 200 4208
"GET /static/css/style.css HTTP/1.1" 304 0
"GET /static/favicon/favicon-32x32.png HTTP/1.1" 200 748
2019-01-26 15:20:23 [post detail] 13/published test
"GET /blog/detail/13/ HTTP/1.1" 200 4208
"GET /static/css/style.css HTTP/1.1" 200 7174
"GET /static/favicon/favicon-32x32.png HTTP/1.1" 200 748
2019-01-26 15:25:50 [post detail] 13/published test
"GET /blog/detail/13/ HTTP/1.1" 200 3736
"GET /static/css/style.css HTTP/1.1" 200 7174
"GET /static/css/markdown.css HTTP/1.1" 200 12256
"GET /static/assets/search.png HTTP/1.1" 200 6677
"GET /static/assets/folder.png HTTP/1.1" 200 1980
"GET /static/js/unknownstation.js HTTP/1.1" 200 4481
"GET /static/assets/calendar.png HTTP/1.1" 200 1427
"GET /static/favicon/site.webmanifest HTTP/1.1" 200 287
"GET /static/favicon/favicon-32x32.png HTTP/1.1" 200 748
"GET /static/favicon/favicon-16x16.png HTTP/1.1" 200 876
2019-01-26 15:27:09 [post detail] 13/published test
"GET /blog/detail/13/ HTTP/1.1" 200 3243
"GET /static/css/style.css HTTP/1.1" 200 7174
"GET /static/css/markdown.css HTTP/1.1" 200 12256
"GET /static/assets/search.png HTTP/1.1" 200 6677
"GET /static/assets/folder.png HTTP/1.1" 200 1980
"GET /static/js/unknownstation.js HTTP/1.1" 200 4481
"GET /static/assets/calendar.png HTTP/1.1" 200 1427
"GET /static/favicon/site.webmanifest HTTP/1.1" 200 287
"GET /static/favicon/favicon-32x32.png HTTP/1.1" 200 748
"GET /static/favicon/favicon-16x16.png HTTP/1.1" 200 876
"GET /blog/ HTTP/1.1" 200 4077
2019-01-26 15:27:39 [post detail] 13/published test
"GET /blog/detail/13/ HTTP/1.1" 200 3243
2019-01-26 15:33:16 [post detail] 13/published test
"GET /blog/detail/13/ HTTP/1.1" 200 3243
"GET /static/css/style.css HTTP/1.1" 200 7196
"GET /static/css/markdown.css HTTP/1.1" 200 12256
"GET /static/assets/search.png HTTP/1.1" 200 6677
"GET /static/assets/folder.png HTTP/1.1" 200 1980
"GET /static/js/unknownstation.js HTTP/1.1" 200 4481
"GET /static/assets/calendar.png HTTP/1.1" 200 1427
"GET /static/favicon/site.webmanifest HTTP/1.1" 200 287
"GET /static/favicon/favicon-32x32.png HTTP/1.1" 200 748
"GET /static/favicon/favicon-16x16.png HTTP/1.1" 200 876
"GET /blog/ HTTP/1.1" 200 4077
"GET /static/css/style.css HTTP/1.1" 304 0
2019-01-26 15:33:34 [post detail] 13/published test
"GET /blog/detail/13/ HTTP/1.1" 200 3243
"GET /static/css/style.css HTTP/1.1" 304 0
"GET /blog/ HTTP/1.1" 200 4077
"GET /static/css/style.css HTTP/1.1" 304 0
2019-01-26 15:34:34 [post detail] 13/published test
"GET /blog/detail/13/ HTTP/1.1" 200 3243
"GET /static/css/style.css HTTP/1.1" 304 0
"GET /blog/ HTTP/1.1" 200 4077
"GET /static/css/style.css HTTP/1.1" 200 7216
"GET /static/favicon/favicon-32x32.png HTTP/1.1" 200 748
"GET /blog/ HTTP/1.1" 200 4077
"GET /static/css/style.css HTTP/1.1" 200 7216
"GET /static/css/markdown.css HTTP/1.1" 200 12256
"GET /static/assets/search.png HTTP/1.1" 200 6677
"GET /static/assets/folder.png HTTP/1.1" 200 1980
"GET /static/assets/calendar.png HTTP/1.1" 200 1427
"GET /static/js/unknownstation.js HTTP/1.1" 200 4481
"GET /static/favicon/site.webmanifest HTTP/1.1" 200 287
"GET /static/favicon/favicon-32x32.png HTTP/1.1" 200 748
"GET /static/favicon/favicon-16x16.png HTTP/1.1" 200 876
"GET /blog/month/ HTTP/1.1" 200 3254
"GET /static/css/style.css HTTP/1.1" 304 0
"GET /blog/category/ HTTP/1.1" 200 3171
"GET /static/css/style.css HTTP/1.1" 304 0
"GET /blog/category/ HTTP/1.1" 200 3171
"GET /static/css/style.css HTTP/1.1" 200 7213
"GET /static/css/markdown.css HTTP/1.1" 200 12256
"GET /static/assets/search.png HTTP/1.1" 200 6677
"GET /static/assets/folder.png HTTP/1.1" 200 1980
"GET /static/js/unknownstation.js HTTP/1.1" 200 4481
"GET /static/assets/calendar.png HTTP/1.1" 200 1427
"GET /static/favicon/site.webmanifest HTTP/1.1" 200 287
"GET /static/favicon/favicon-32x32.png HTTP/1.1" 200 748
"GET /static/favicon/favicon-16x16.png HTTP/1.1" 200 876
"GET /blog/ HTTP/1.1" 200 4077
"GET /static/css/style.css HTTP/1.1" 304 0
2019-01-26 15:37:17 [post detail] 13/published test
"GET /blog/detail/13/ HTTP/1.1" 200 3243
"GET /static/css/style.css HTTP/1.1" 304 0
2019-01-26 15:37:32 [post detail] 13/published test
"GET /blog/detail/13/ HTTP/1.1" 200 3243
"GET /static/css/style.css HTTP/1.1" 200 7216
"GET /static/css/markdown.css HTTP/1.1" 200 12256
"GET /static/assets/search.png HTTP/1.1" 200 6677
"GET /static/assets/folder.png HTTP/1.1" 200 1980
"GET /static/js/unknownstation.js HTTP/1.1" 200 4481
"GET /static/assets/calendar.png HTTP/1.1" 200 1427
"GET /static/favicon/site.webmanifest HTTP/1.1" 200 287
"GET /static/favicon/favicon-32x32.png HTTP/1.1" 200 748
"GET /static/favicon/favicon-16x16.png HTTP/1.1" 200 876
"GET /blog/ HTTP/1.1" 200 4077
"GET /static/css/style.css HTTP/1.1" 304 0
2019-01-26 15:37:51 [post detail] 12/호호호
"GET /blog/detail/12/ HTTP/1.1" 200 3555
"GET /static/css/style.css HTTP/1.1" 304 0
"GET /blog/ HTTP/1.1" 200 4077
"GET /static/css/style.css HTTP/1.1" 304 0
"GET /blog/month/ HTTP/1.1" 200 3254
"GET /static/css/style.css HTTP/1.1" 304 0
"GET /blog/category/ HTTP/1.1" 200 3171
"GET /blog/category/ HTTP/1.1" 200 3171
"GET /static/css/style.css HTTP/1.1" 304 0
"GET /blog/month/ HTTP/1.1" 200 3254
"GET /blog/month/ HTTP/1.1" 200 3254
"GET /static/css/style.css HTTP/1.1" 304 0
"GET /blog/category/ HTTP/1.1" 200 3171
"GET /blog/month/ HTTP/1.1" 200 3254
"GET /blog/category/ HTTP/1.1" 200 3171
"GET /blog/category/ HTTP/1.1" 200 3171
"GET /static/css/style.css HTTP/1.1" 200 7152
"GET /static/css/markdown.css HTTP/1.1" 200 12256
"GET /static/assets/search.png HTTP/1.1" 200 6677
"GET /static/assets/folder.png HTTP/1.1" 200 1980
"GET /static/js/unknownstation.js HTTP/1.1" 200 4481
"GET /static/assets/calendar.png HTTP/1.1" 200 1427
"GET /static/favicon/favicon-32x32.png HTTP/1.1" 200 748
"GET /static/favicon/site.webmanifest HTTP/1.1" 200 287
"GET /static/favicon/favicon-16x16.png HTTP/1.1" 200 876
"GET /blog/ HTTP/1.1" 200 4077
"GET /static/css/style.css HTTP/1.1" 304 0
2019-01-26 15:43:22 [post detail] 13/published test
"GET /blog/detail/13/ HTTP/1.1" 200 3243
"GET /static/css/style.css HTTP/1.1" 304 0
2019-01-26 15:44:10 [post detail] 13/published test
"GET /blog/detail/13/ HTTP/1.1" 200 3243
"GET /static/css/style.css HTTP/1.1" 200 7150
"GET /static/favicon/favicon-32x32.png HTTP/1.1" 200 748
"GET /blog/ HTTP/1.1" 200 4077
"GET /static/css/style.css HTTP/1.1" 304 0
"GET /static/css/style.css HTTP/1.1" 304 0
"GET /blog/ HTTP/1.1" 200 4109
"GET /static/css/style.css HTTP/1.1" 200 7150
"GET /static/css/markdown.css HTTP/1.1" 200 12256
"GET /static/assets/search.png HTTP/1.1" 200 6677
"GET /static/assets/folder.png HTTP/1.1" 200 1980
"GET /static/js/unknownstation.js HTTP/1.1" 200 4481
"GET /static/assets/calendar.png HTTP/1.1" 200 1427
"GET /static/favicon/favicon-32x32.png HTTP/1.1" 200 748
"GET /static/favicon/site.webmanifest HTTP/1.1" 200 287
"GET /static/favicon/favicon-16x16.png HTTP/1.1" 200 876
"GET /blog/month/ HTTP/1.1" 200 3286
"GET /blog/month/2018/12/1 HTTP/1.1" 200 3751
2019-01-26 15:46:48 [post detail] 6/정체가 뭐냐 대체
"GET /blog/detail/6/ HTTP/1.1" 200 3276
"GET /static/css/style.css HTTP/1.1" 304 0
"GET /accounts/login HTTP/1.1" 200 2007
"GET /static/css/login.css HTTP/1.1" 200 975
Not Found: /favicon.ico
"GET /favicon.ico HTTP/1.1" 404 2533
"POST /accounts/login HTTP/1.1" 302 0
2019-01-26 15:47:12 [post detail] 6/정체가 뭐냐 대체
"GET /blog/detail/6/ HTTP/1.1" 200 3884
"GET /static/css/style.css HTTP/1.1" 304 0
2019-01-26 15:47:52 [post detail] 6/정체가 뭐냐 대체
"GET /blog/detail/6/ HTTP/1.1" 200 3884
"GET /static/css/style.css HTTP/1.1" 200 7154
"GET /static/favicon/favicon-32x32.png HTTP/1.1" 200 748
"GET /blog/logout/ HTTP/1.1" 302 0
"GET /blog/ HTTP/1.1" 200 4109
"GET /static/css/style.css HTTP/1.1" 304 0
2019-01-26 15:48:39 [post detail] 13/published test
"GET /blog/detail/13/ HTTP/1.1" 200 3275
"GET /static/css/style.css HTTP/1.1" 304 0
2019-01-26 15:50:05 [post detail] 13/published test
"GET /blog/detail/13/ HTTP/1.1" 200 3314
"GET /static/css/style.css HTTP/1.1" 200 7154
"GET /static/css/markdown.css HTTP/1.1" 200 12256
"GET /static/assets/search.png HTTP/1.1" 200 6677
"GET /static/assets/folder.png HTTP/1.1" 200 1980
"GET /static/js/unknownstation.js HTTP/1.1" 200 4481
"GET /static/assets/calendar.png HTTP/1.1" 200 1427
"GET /static/favicon/site.webmanifest HTTP/1.1" 200 287
"GET /static/favicon/favicon-32x32.png HTTP/1.1" 200 748
"GET /static/favicon/favicon-16x16.png HTTP/1.1" 200 876
"GET /blog/ HTTP/1.1" 200 4148
"GET /blog/ HTTP/1.1" 200 4148
"GET /static/css/style.css HTTP/1.1" 200 6832
"GET /static/favicon/favicon-32x32.png HTTP/1.1" 200 748
"GET /blog/ HTTP/1.1" 200 4148
"GET /static/css/style.css HTTP/1.1" 200 6832
"GET /static/favicon/favicon-32x32.png HTTP/1.1" 200 748
"GET /blog/ HTTP/1.1" 200 4148
"GET /static/css/style.css HTTP/1.1" 200 6832
"GET /static/css/markdown.css HTTP/1.1" 200 12256
"GET /static/assets/search.png HTTP/1.1" 200 6677
"GET /static/assets/folder.png HTTP/1.1" 200 1980
"GET /static/js/unknownstation.js HTTP/1.1" 200 4481
"GET /static/assets/calendar.png HTTP/1.1" 200 1427
"GET /static/favicon/site.webmanifest HTTP/1.1" 200 287
"GET /static/favicon/favicon-32x32.png HTTP/1.1" 200 748
"GET /static/favicon/favicon-16x16.png HTTP/1.1" 200 876
"GET /blog/ HTTP/1.1" 200 4148
"GET /static/css/style.css HTTP/1.1" 200 6874
"GET /static/favicon/favicon-32x32.png HTTP/1.1" 200 748
"GET /blog/ HTTP/1.1" 200 4148
"GET /static/css/style.css HTTP/1.1" 200 6874
"GET /static/css/markdown.css HTTP/1.1" 200 12256
"GET /static/assets/search.png HTTP/1.1" 200 6677
"GET /static/assets/folder.png HTTP/1.1" 200 1980
"GET /static/js/unknownstation.js HTTP/1.1" 200 4481
"GET /static/assets/calendar.png HTTP/1.1" 200 1427
"GET /static/favicon/site.webmanifest HTTP/1.1" 200 287
"GET /static/favicon/favicon-32x32.png HTTP/1.1" 200 748
"GET /static/favicon/favicon-16x16.png HTTP/1.1" 200 876
"GET /blog/ HTTP/1.1" 200 4148
"GET /static/css/style.css HTTP/1.1" 200 6874
"GET /static/favicon/favicon-32x32.png HTTP/1.1" 200 748
"GET /blog/ HTTP/1.1" 200 4148
"GET /static/css/style.css HTTP/1.1" 200 6874
"GET /static/favicon/favicon-32x32.png HTTP/1.1" 200 748
"GET /blog/ HTTP/1.1" 200 4148
"GET /static/css/style.css HTTP/1.1" 304 0
"GET /static/favicon/favicon-32x32.png HTTP/1.1" 200 748
"GET /blog/ HTTP/1.1" 200 4148
"GET /static/css/style.css HTTP/1.1" 200 6893
"GET /static/favicon/favicon-32x32.png HTTP/1.1" 200 748
"GET /blog/ HTTP/1.1" 200 4148
"GET /static/css/style.css HTTP/1.1" 200 6893
"GET /static/css/markdown.css HTTP/1.1" 200 12256
"GET /static/assets/search.png HTTP/1.1" 200 6677
"GET /static/assets/folder.png HTTP/1.1" 200 1980
"GET /static/js/unknownstation.js HTTP/1.1" 200 4481
"GET /static/assets/calendar.png HTTP/1.1" 200 1427
"GET /static/favicon/site.webmanifest HTTP/1.1" 200 287
"GET /static/favicon/favicon-32x32.png HTTP/1.1" 200 748
"GET /static/favicon/favicon-16x16.png HTTP/1.1" 200 876
2019-01-26 15:54:52 [post detail] 13/published test
"GET /blog/detail/13/ HTTP/1.1" 200 3314
"GET /static/css/style.css HTTP/1.1" 200 6874
2019-01-26 15:57:55 [post detail] 13/published test
"GET /blog/detail/13/ HTTP/1.1" 200 3317
"GET /static/css/style.css HTTP/1.1" 200 6863
"GET /static/css/markdown.css HTTP/1.1" 200 12256
"GET /static/assets/search.png HTTP/1.1" 200 6677
"GET /static/assets/folder.png HTTP/1.1" 200 1980
"GET /static/js/unknownstation.js HTTP/1.1" 200 4481
"GET /static/assets/calendar.png HTTP/1.1" 200 1427
"GET /static/favicon/site.webmanifest HTTP/1.1" 200 287
"GET /static/favicon/favicon-32x32.png HTTP/1.1" 200 748
"GET /static/favicon/favicon-16x16.png HTTP/1.1" 200 876
"GET /blog/ HTTP/1.1" 200 4151
"GET /static/css/style.css HTTP/1.1" 304 0
2019-01-26 15:58:17 [post detail] 12/호호호
"GET /blog/detail/12/ HTTP/1.1" 200 3629
"GET /static/css/style.css HTTP/1.1" 304 0
2019-01-26 16:00:08 [post detail] 12/호호호
"GET /blog/detail/12/ HTTP/1.1" 200 3629
"GET /static/css/style.css HTTP/1.1" 200 6867
"GET /static/css/markdown.css HTTP/1.1" 200 12256
"GET /static/assets/search.png HTTP/1.1" 200 6677
"GET /static/assets/folder.png HTTP/1.1" 200 1980
"GET /static/js/unknownstation.js HTTP/1.1" 200 4481
"GET /static/assets/calendar.png HTTP/1.1" 200 1427
"GET /static/favicon/site.webmanifest HTTP/1.1" 200 287
"GET /static/favicon/favicon-32x32.png HTTP/1.1" 200 748
"GET /static/favicon/favicon-16x16.png HTTP/1.1" 200 876
2019-01-26 16:01:07 [post detail] 12/호호호
"GET /blog/detail/12/ HTTP/1.1" 200 3629
"GET /static/css/style.css HTTP/1.1" 200 6866
"GET /static/css/markdown.css HTTP/1.1" 200 12256
"GET /static/assets/search.png HTTP/1.1" 200 6677
"GET /static/assets/folder.png HTTP/1.1" 200 1980
"GET /static/js/unknownstation.js HTTP/1.1" 200 4481
"GET /static/assets/calendar.png HTTP/1.1" 200 1427
"GET /static/favicon/site.webmanifest HTTP/1.1" 200 287
"GET /static/favicon/favicon-32x32.png HTTP/1.1" 200 748
"GET /static/favicon/favicon-16x16.png HTTP/1.1" 200 876
"GET /blog/ HTTP/1.1" 200 4151
"GET /static/css/style.css HTTP/1.1" 304 0
"GET /blog/search?keyword=%EA%B0%9C%EB%B0%9C&page=1 HTTP/1.1" 301 0
2019-01-26 16:01:49 [search post] keyword:개발
"GET /blog/search/?keyword=%EA%B0%9C%EB%B0%9C&page=1 HTTP/1.1" 200 3015
"GET /static/css/style.css HTTP/1.1" 304 0
2019-01-26 16:02:35 [search post] keyword:개발
"GET /blog/search/?keyword=%EA%B0%9C%EB%B0%9C&page=1 HTTP/1.1" 200 3015
"GET /static/css/style.css HTTP/1.1" 200 6866
"GET /static/css/markdown.css HTTP/1.1" 200 12256
"GET /static/assets/search.png HTTP/1.1" 200 6677
"GET /static/assets/folder.png HTTP/1.1" 200 1980
"GET /static/js/unknownstation.js HTTP/1.1" 200 4481
"GET /static/assets/calendar.png HTTP/1.1" 200 1427
"GET /static/favicon/site.webmanifest HTTP/1.1" 200 287
"GET /static/favicon/favicon-32x32.png HTTP/1.1" 200 748
"GET /static/favicon/favicon-16x16.png HTTP/1.1" 200 876
2019-01-26 16:02:46 [search post] keyword:개발
"GET /blog/search/?keyword=%EA%B0%9C%EB%B0%9C&page=1 HTTP/1.1" 200 3015
"GET /static/css/style.css HTTP/1.1" 304 0
"GET /static/favicon/favicon-32x32.png HTTP/1.1" 200 748
2019-01-26 16:02:54 [search post] keyword:개발
"GET /blog/search/?keyword=%EA%B0%9C%EB%B0%9C&page=1 HTTP/1.1" 200 3015
"GET /static/css/style.css HTTP/1.1" 200 6866
"GET /static/css/markdown.css HTTP/1.1" 200 12256
"GET /static/assets/search.png HTTP/1.1" 200 6677
"GET /static/assets/folder.png HTTP/1.1" 200 1980
"GET /static/js/unknownstation.js HTTP/1.1" 200 4481
"GET /static/assets/calendar.png HTTP/1.1" 200 1427
"GET /static/favicon/site.webmanifest HTTP/1.1" 200 287
"GET /static/favicon/favicon-32x32.png HTTP/1.1" 200 748
"GET /static/favicon/favicon-16x16.png HTTP/1.1" 200 876
2019-01-26 16:07:11 [search post] keyword:개발
"GET /blog/search/?keyword=%EA%B0%9C%EB%B0%9C&page=1 HTTP/1.1" 200 3015
"GET /static/css/style.css HTTP/1.1" 200 6822
"GET /static/css/markdown.css HTTP/1.1" 200 12256
"GET /static/assets/search.png HTTP/1.1" 200 6677
"GET /static/assets/folder.png HTTP/1.1" 200 1980
"GET /static/js/unknownstation.js HTTP/1.1" 200 4481
"GET /static/assets/calendar.png HTTP/1.1" 200 1427
"GET /static/favicon/site.webmanifest HTTP/1.1" 200 287
"GET /static/favicon/favicon-32x32.png HTTP/1.1" 200 748
"GET /static/favicon/favicon-16x16.png HTTP/1.1" 200 876
"GET /blog/ HTTP/1.1" 200 4151
"GET /static/css/style.css HTTP/1.1" 304 0
"GET /blog/month/ HTTP/1.1" 200 3328
"GET /static/css/style.css HTTP/1.1" 304 0
"GET /blog/category/ HTTP/1.1" 200 3245
"GET /blog/month/ HTTP/1.1" 200 3328
"GET /blog/category/ HTTP/1.1" 200 3245
"GET /static/css/style.css HTTP/1.1" 304 0
"GET /blog/ HTTP/1.1" 200 4151
"GET /blog/category/ HTTP/1.1" 200 3245
"GET /static/css/style.css HTTP/1.1" 304 0
"GET /blog/category/talk/1 HTTP/1.1" 200 3791
2019-01-26 16:11:27 [post detail] 12/호호호
"GET /blog/detail/12/ HTTP/1.1" 200 3629
"GET /static/css/style.css HTTP/1.1" 304 0
2019-01-26 16:12:45 [post detail] 12/호호호
"GET /blog/detail/12/ HTTP/1.1" 200 3629
"GET /static/css/style.css HTTP/1.1" 200 6825
"GET /static/css/markdown.css HTTP/1.1" 200 12256
"GET /static/assets/search.png HTTP/1.1" 200 6677
"GET /static/assets/folder.png HTTP/1.1" 200 1980
"GET /static/js/unknownstation.js HTTP/1.1" 200 4481
"GET /static/assets/calendar.png HTTP/1.1" 200 1427
"GET /static/favicon/site.webmanifest HTTP/1.1" 200 287
"GET /static/favicon/favicon-32x32.png HTTP/1.1" 200 748
"GET /static/favicon/favicon-16x16.png HTTP/1.1" 200 876
2019-01-26 16:13:01 [post detail] 12/호호호
"GET /blog/detail/12/ HTTP/1.1" 200 3629
"GET /static/css/style.css HTTP/1.1" 200 6845
"GET /static/css/markdown.css HTTP/1.1" 200 12256
"GET /static/assets/search.png HTTP/1.1" 200 6677
"GET /static/assets/folder.png HTTP/1.1" 200 1980
"GET /static/js/unknownstation.js HTTP/1.1" 200 4481
"GET /static/assets/calendar.png HTTP/1.1" 200 1427
"GET /static/favicon/site.webmanifest HTTP/1.1" 200 287
"GET /static/favicon/favicon-32x32.png HTTP/1.1" 200 748
"GET /static/favicon/favicon-16x16.png HTTP/1.1" 200 876
"GET /blog/ HTTP/1.1" 200 4151
"GET /static/css/style.css HTTP/1.1" 304 0
"GET /blog/ HTTP/1.1" 200 4151
"GET /static/css/style.css HTTP/1.1" 200 6843
"GET /static/css/markdown.css HTTP/1.1" 200 12256
"GET /static/assets/search.png HTTP/1.1" 200 6677
"GET /static/assets/folder.png HTTP/1.1" 200 1980
"GET /static/js/unknownstation.js HTTP/1.1" 200 4481
"GET /static/assets/calendar.png HTTP/1.1" 200 1427
"GET /static/favicon/favicon-32x32.png HTTP/1.1" 200 748
"GET /static/favicon/site.webmanifest HTTP/1.1" 200 287
"GET /static/favicon/favicon-16x16.png HTTP/1.1" 200 876
"GET /blog/ HTTP/1.1" 200 4151
"GET /static/css/style.css HTTP/1.1" 200 6840
"GET /static/css/markdown.css HTTP/1.1" 200 12256
"GET /static/assets/search.png HTTP/1.1" 200 6677
"GET /static/assets/folder.png HTTP/1.1" 200 1980
"GET /static/js/unknownstation.js HTTP/1.1" 200 4481
"GET /static/assets/calendar.png HTTP/1.1" 200 1427
"GET /static/favicon/site.webmanifest HTTP/1.1" 200 287
"GET /static/favicon/favicon-32x32.png HTTP/1.1" 200 748
"GET /static/favicon/favicon-16x16.png HTTP/1.1" 200 876
"GET /blog/ HTTP/1.1" 200 4151
"GET /static/css/style.css HTTP/1.1" 200 6744
"GET /static/assets/folder.png HTTP/1.1" 200 1980
"GET /static/css/markdown.css HTTP/1.1" 200 12256
"GET /static/assets/search.png HTTP/1.1" 200 6677
"GET /static/js/unknownstation.js HTTP/1.1" 200 4481
"GET /static/assets/calendar.png HTTP/1.1" 200 1427
"GET /static/favicon/favicon-32x32.png HTTP/1.1" 200 748
"GET /static/favicon/site.webmanifest HTTP/1.1" 200 287
"GET /static/favicon/favicon-16x16.png HTTP/1.1" 200 876
"GET /blog/ HTTP/1.1" 200 4151
"GET /static/css/style.css HTTP/1.1" 200 6713
"GET /static/css/markdown.css HTTP/1.1" 200 12256
"GET /static/assets/search.png HTTP/1.1" 200 6677
"GET /static/assets/folder.png HTTP/1.1" 200 1980
"GET /static/js/unknownstation.js HTTP/1.1" 200 4481
"GET /static/assets/calendar.png HTTP/1.1" 200 1427
"GET /static/favicon/site.webmanifest HTTP/1.1" 200 287
"GET /static/favicon/favicon-32x32.png HTTP/1.1" 200 748
"GET /static/favicon/favicon-16x16.png HTTP/1.1" 200 876
"GET /blog/ HTTP/1.1" 200 4151
"GET /static/css/style.css HTTP/1.1" 200 6696
"GET /static/css/markdown.css HTTP/1.1" 200 12256
"GET /static/assets/search.png HTTP/1.1" 200 6677
"GET /static/assets/folder.png HTTP/1.1" 200 1980
"GET /static/js/unknownstation.js HTTP/1.1" 200 4481
"GET /static/assets/calendar.png HTTP/1.1" 200 1427
"GET /static/favicon/site.webmanifest HTTP/1.1" 200 287
"GET /static/favicon/favicon-32x32.png HTTP/1.1" 200 748
"GET /static/favicon/favicon-16x16.png HTTP/1.1" 200 876
"GET /blog/ HTTP/1.1" 200 4151
"GET /static/css/style.css HTTP/1.1" 200 6715
"GET /static/css/markdown.css HTTP/1.1" 200 12256
"GET /static/assets/search.png HTTP/1.1" 200 6677
"GET /static/assets/folder.png HTTP/1.1" 200 1980
"GET /static/js/unknownstation.js HTTP/1.1" 200 4481
"GET /static/assets/calendar.png HTTP/1.1" 200 1427
"GET /static/favicon/site.webmanifest HTTP/1.1" 200 287
"GET /static/favicon/favicon-32x32.png HTTP/1.1" 200 748
"GET /static/favicon/favicon-16x16.png HTTP/1.1" 200 876
"GET /blog/ HTTP/1.1" 200 4151
"GET /static/css/style.css HTTP/1.1" 200 6717
"GET /static/favicon/favicon-32x32.png HTTP/1.1" 200 748
"GET /blog/ HTTP/1.1" 200 4151
"GET /static/css/style.css HTTP/1.1" 304 0
"GET /static/favicon/favicon-32x32.png HTTP/1.1" 200 748
"GET /blog/ HTTP/1.1" 200 4151
"GET /static/css/style.css HTTP/1.1" 304 0
"GET /static/favicon/favicon-32x32.png HTTP/1.1" 200 748
"GET /blog/ HTTP/1.1" 200 4151
"GET /static/css/style.css HTTP/1.1" 200 6717
"GET /static/css/markdown.css HTTP/1.1" 200 12256
"GET /static/assets/search.png HTTP/1.1" 200 6677
"GET /static/assets/folder.png HTTP/1.1" 200 1980
"GET /static/js/unknownstation.js HTTP/1.1" 200 4481
"GET /static/assets/calendar.png HTTP/1.1" 200 1427
"GET /static/favicon/site.webmanifest HTTP/1.1" 200 287
"GET /static/favicon/favicon-32x32.png HTTP/1.1" 200 748
"GET /static/favicon/favicon-16x16.png HTTP/1.1" 200 876
2019-01-26 16:21:35 [post detail] 13/published test
"GET /blog/detail/13/ HTTP/1.1" 200 3317
"GET /static/css/style.css HTTP/1.1" 304 0
"GET /blog/ HTTP/1.1" 200 4151
"GET /static/css/style.css HTTP/1.1" 304 0
"GET /blog/ HTTP/1.1" 200 4151
"GET /static/css/style.css HTTP/1.1" 200 6696
"GET /static/css/markdown.css HTTP/1.1" 200 12256
"GET /static/assets/search.png HTTP/1.1" 200 6677
"GET /static/assets/folder.png HTTP/1.1" 200 1980
"GET /static/js/unknownstation.js HTTP/1.1" 200 4481
"GET /static/assets/calendar.png HTTP/1.1" 200 1427
"GET /static/favicon/site.webmanifest HTTP/1.1" 200 287
"GET /static/favicon/favicon-32x32.png HTTP/1.1" 200 748
"GET /static/favicon/favicon-16x16.png HTTP/1.1" 200 876
"GET /blog/ HTTP/1.1" 200 4151
"GET /static/css/style.css HTTP/1.1" 200 6712
"GET /static/css/markdown.css HTTP/1.1" 200 12256
"GET /static/assets/search.png HTTP/1.1" 200 6677
"GET /static/assets/folder.png HTTP/1.1" 200 1980
"GET /static/js/unknownstation.js HTTP/1.1" 200 4481
"GET /static/assets/calendar.png HTTP/1.1" 200 1427
"GET /static/favicon/site.webmanifest HTTP/1.1" 200 287
"GET /static/favicon/favicon-32x32.png HTTP/1.1" 200 748
"GET /static/favicon/favicon-16x16.png HTTP/1.1" 200 876
"GET /blog/ HTTP/1.1" 200 4151
"GET /static/css/style.css HTTP/1.1" 200 6728
"GET /static/css/markdown.css HTTP/1.1" 200 12256
"GET /static/assets/search.png HTTP/1.1" 200 6677
"GET /static/assets/folder.png HTTP/1.1" 200 1980
"GET /static/js/unknownstation.js HTTP/1.1" 200 4481
"GET /static/assets/calendar.png HTTP/1.1" 200 1427
"GET /static/favicon/site.webmanifest HTTP/1.1" 200 287
"GET /static/favicon/favicon-32x32.png HTTP/1.1" 200 748
"GET /static/favicon/favicon-16x16.png HTTP/1.1" 200 876
2019-01-26 16:24:22 [post detail] 13/published test
"GET /blog/detail/13/ HTTP/1.1" 200 3317
"GET /static/css/style.css HTTP/1.1" 304 0
"GET /blog/ HTTP/1.1" 200 4151
"GET /static/css/style.css HTTP/1.1" 304 0
"GET /blog/ HTTP/1.1" 200 4035
"GET /static/css/style.css HTTP/1.1" 304 0
"GET /static/favicon/favicon-32x32.png HTTP/1.1" 200 748
"GET /blog/category/ HTTP/1.1" 200 3129
"GET /static/css/style.css HTTP/1.1" 304 0
"GET /blog/month/ HTTP/1.1" 200 3212
"GET /blog/category/ HTTP/1.1" 200 3129
"GET /blog/month/ HTTP/1.1" 200 3212
"GET /static/css/style.css HTTP/1.1" 304 0
"GET /blog/month/2018/12/1 HTTP/1.1" 200 3677
"GET /blog/ HTTP/1.1" 200 4035
2019-01-26 16:29:46 [post detail] 13/published test
"GET /blog/detail/13/ HTTP/1.1" 200 3201
"GET /blog/ HTTP/1.1" 200 4035
2019-01-26 16:29:53 [post detail] 13/published test
"GET /blog/detail/13/ HTTP/1.1" 200 3201
2019-01-26 16:30:41 [post detail] 13/published test
"GET /blog/detail/13/ HTTP/1.1" 200 3214
"GET /static/css/style.css HTTP/1.1" 304 0
"GET /static/favicon/favicon-32x32.png HTTP/1.1" 200 748
2019-01-26 16:31:00 [post detail] 13/published test
"GET /blog/detail/13/ HTTP/1.1" 200 3203
"GET /static/favicon/favicon-32x32.png HTTP/1.1" 200 748
2019-01-26 16:31:39 [post detail] 13/published test
"GET /blog/detail/13/ HTTP/1.1" 200 3203
"GET /static/css/style.css HTTP/1.1" 200 6728
"GET /static/css/markdown.css HTTP/1.1" 200 12256
"GET /static/js/unknownstation.js HTTP/1.1" 200 4481
"GET /static/assets/search.png HTTP/1.1" 200 6677
"GET /static/favicon/site.webmanifest HTTP/1.1" 200 287
"GET /static/favicon/favicon-32x32.png HTTP/1.1" 200 748
"GET /static/favicon/favicon-16x16.png HTTP/1.1" 200 876
2019-01-26 16:32:37 [post detail] 13/published test
"GET /blog/detail/13/ HTTP/1.1" 200 3228
"GET /static/css/style.css HTTP/1.1" 304 0
"GET /static/favicon/favicon-32x32.png HTTP/1.1" 200 748
2019-01-26 16:32:52 [post detail] 13/published test
"GET /blog/detail/13/ HTTP/1.1" 200 3239
"GET /static/css/style.css HTTP/1.1" 304 0
"GET /static/favicon/favicon-32x32.png HTTP/1.1" 200 748
2019-01-26 16:33:01 [post detail] 13/published test
"GET /blog/detail/13/ HTTP/1.1" 200 3239
"GET /static/css/style.css HTTP/1.1" 304 0
"GET /static/favicon/favicon-32x32.png HTTP/1.1" 200 748
2019-01-26 16:33:54 [post detail] 13/published test
"GET /blog/detail/13/ HTTP/1.1" 200 3239
"GET /static/css/style.css HTTP/1.1" 200 6780
"GET /static/favicon/favicon-32x32.png HTTP/1.1" 200 748
2019-01-26 16:34:34 [post detail] 13/published test
"GET /blog/detail/13/ HTTP/1.1" 200 3239
"GET /static/css/style.css HTTP/1.1" 200 6780
"GET /static/js/unknownstation.js HTTP/1.1" 200 4481
"GET /static/css/markdown.css HTTP/1.1" 200 12256
"GET /static/assets/search.png HTTP/1.1" 200 6677
"GET /static/favicon/site.webmanifest HTTP/1.1" 200 287
"GET /static/favicon/favicon-32x32.png HTTP/1.1" 200 748
"GET /static/favicon/favicon-16x16.png HTTP/1.1" 200 876
"GET /blog/ HTTP/1.1" 200 4073
"GET /static/css/style.css HTTP/1.1" 304 0
"GET /blog/ HTTP/1.1" 200 4073
"GET /static/css/style.css HTTP/1.1" 200 6672
"GET /static/favicon/favicon-32x32.png HTTP/1.1" 200 748
"GET /blog/ HTTP/1.1" 200 4073
"GET /static/css/style.css HTTP/1.1" 200 6639
"GET /static/css/markdown.css HTTP/1.1" 200 12256
"GET /static/js/unknownstation.js HTTP/1.1" 200 4481
"GET /static/assets/search.png HTTP/1.1" 200 6677
"GET /static/favicon/site.webmanifest HTTP/1.1" 200 287
"GET /static/favicon/favicon-32x32.png HTTP/1.1" 200 748
"GET /static/favicon/favicon-16x16.png HTTP/1.1" 200 876
"GET /blog/ HTTP/1.1" 200 4073
"GET /static/css/style.css HTTP/1.1" 200 6652
"GET /static/favicon/favicon-32x32.png HTTP/1.1" 200 748
"GET /blog/ HTTP/1.1" 200 4073
"GET /static/css/style.css HTTP/1.1" 200 6652
"GET /static/css/markdown.css HTTP/1.1" 200 12256
"GET /static/js/unknownstation.js HTTP/1.1" 200 4481
"GET /static/assets/search.png HTTP/1.1" 200 6677
"GET /static/favicon/favicon-32x32.png HTTP/1.1" 200 748
"GET /static/favicon/site.webmanifest HTTP/1.1" 200 287
"GET /static/favicon/favicon-16x16.png HTTP/1.1" 200 876
"GET /blog/ HTTP/1.1" 200 4073
"GET /static/css/style.css HTTP/1.1" 200 6665
"GET /static/css/markdown.css HTTP/1.1" 200 12256
"GET /static/js/unknownstation.js HTTP/1.1" 200 4481
"GET /static/assets/search.png HTTP/1.1" 200 6677
"GET /static/favicon/favicon-32x32.png HTTP/1.1" 200 748
"GET /static/favicon/site.webmanifest HTTP/1.1" 200 287
"GET /static/favicon/favicon-16x16.png HTTP/1.1" 200 876
"GET /blog/ HTTP/1.1" 200 4073
"GET /static/css/style.css HTTP/1.1" 200 6665
"GET /static/css/markdown.css HTTP/1.1" 200 12253
"GET /static/js/unknownstation.js HTTP/1.1" 200 4481
"GET /static/assets/search.png HTTP/1.1" 200 6677
"GET /static/favicon/site.webmanifest HTTP/1.1" 200 287
"GET /static/favicon/favicon-32x32.png HTTP/1.1" 200 748
"GET /static/favicon/favicon-16x16.png HTTP/1.1" 200 876
"GET /accounts/login HTTP/1.1" 200 1998
"GET /static/css/login.css HTTP/1.1" 200 975
Not Found: /favicon.ico
"GET /favicon.ico HTTP/1.1" 404 2533
"POST /accounts/login HTTP/1.1" 302 0
"GET /blog/ HTTP/1.1" 200 5617
"GET /static/css/style.css HTTP/1.1" 304 0
"GET /static/css/markdown.css HTTP/1.1" 304 0
"GET /blog/write/ HTTP/1.1" 200 4309
"GET /blog/write/ HTTP/1.1" 200 4309
"GET /static/css/style.css HTTP/1.1" 200 6665
"GET /static/css/markdown.css HTTP/1.1" 200 12253
"GET /static/js/unknownstation.js HTTP/1.1" 200 4481
"GET /static/assets/search.png HTTP/1.1" 200 2928
"GET /static/favicon/site.webmanifest HTTP/1.1" 200 287
"GET /static/favicon/favicon-32x32.png HTTP/1.1" 200 748
"GET /static/favicon/favicon-16x16.png HTTP/1.1" 200 876
"GET /blog/write/ HTTP/1.1" 200 4309
"GET /static/css/style.css HTTP/1.1" 200 6659
"GET /static/css/markdown.css HTTP/1.1" 200 12253
"GET /static/assets/search.png HTTP/1.1" 200 2928
"GET /static/js/unknownstation.js HTTP/1.1" 200 4481
"GET /static/favicon/site.webmanifest HTTP/1.1" 200 287
"GET /static/favicon/favicon-32x32.png HTTP/1.1" 200 748
"GET /static/favicon/favicon-16x16.png HTTP/1.1" 200 876
"GET /blog/write/ HTTP/1.1" 200 4309
"GET /static/css/style.css HTTP/1.1" 200 6656
"GET /static/css/markdown.css HTTP/1.1" 200 12253
"GET /static/js/unknownstation.js HTTP/1.1" 200 4481
"GET /static/assets/search.png HTTP/1.1" 200 2928
"GET /static/favicon/site.webmanifest HTTP/1.1" 200 287
"GET /static/favicon/favicon-32x32.png HTTP/1.1" 200 748
"GET /static/favicon/favicon-16x16.png HTTP/1.1" 200 876
"GET /blog/write/ HTTP/1.1" 200 4309
"GET /static/css/style.css HTTP/1.1" 200 6650
"GET /static/css/markdown.css HTTP/1.1" 200 12253
"GET /static/js/unknownstation.js HTTP/1.1" 200 4481
"GET /static/assets/search.png HTTP/1.1" 200 2928
"GET /static/favicon/site.webmanifest HTTP/1.1" 200 287
"GET /static/favicon/favicon-32x32.png HTTP/1.1" 200 748
"GET /static/favicon/favicon-16x16.png HTTP/1.1" 200 876
"GET /blog/write/ HTTP/1.1" 200 4309
"GET /static/css/style.css HTTP/1.1" 200 6607
"GET /static/css/markdown.css HTTP/1.1" 200 12253
"GET /static/js/unknownstation.js HTTP/1.1" 200 4481
"GET /static/assets/search.png HTTP/1.1" 200 2928
"GET /static/favicon/favicon-32x32.png HTTP/1.1" 200 748
"GET /static/favicon/site.webmanifest HTTP/1.1" 200 287
"GET /static/favicon/favicon-16x16.png HTTP/1.1" 200 876
"GET /blog/write/ HTTP/1.1" 200 4309
"GET /static/css/style.css HTTP/1.1" 200 6631
"GET /static/css/markdown.css HTTP/1.1" 200 12253
"GET /static/assets/search.png HTTP/1.1" 200 2928
"GET /static/js/unknownstation.js HTTP/1.1" 200 4481
"GET /static/favicon/site.webmanifest HTTP/1.1" 200 287
"GET /static/favicon/favicon-32x32.png HTTP/1.1" 200 748
"GET /static/favicon/favicon-16x16.png HTTP/1.1" 200 876
"GET /blog/write/ HTTP/1.1" 200 4309
"GET /static/css/style.css HTTP/1.1" 200 6631
"GET /static/css/markdown.css HTTP/1.1" 200 12253
"GET /static/js/unknownstation.js HTTP/1.1" 200 4481
"GET /static/assets/search.png HTTP/1.1" 200 2928
"GET /static/favicon/site.webmanifest HTTP/1.1" 200 287
"GET /static/favicon/favicon-32x32.png HTTP/1.1" 200 748
"GET /static/favicon/favicon-16x16.png HTTP/1.1" 200 876
"GET /blog/write/ HTTP/1.1" 200 4309
"GET /static/css/style.css HTTP/1.1" 200 6630
"GET /static/css/markdown.css HTTP/1.1" 200 12253
"GET /static/js/unknownstation.js HTTP/1.1" 200 4481
"GET /static/assets/search.png HTTP/1.1" 200 2928
"GET /static/favicon/site.webmanifest HTTP/1.1" 200 287
"GET /static/favicon/favicon-32x32.png HTTP/1.1" 200 748
"GET /static/favicon/favicon-16x16.png HTTP/1.1" 200 876
"GET /blog/write/ HTTP/1.1" 200 4309
"GET /static/css/style.css HTTP/1.1" 200 6629
"GET /static/css/markdown.css HTTP/1.1" 200 12253
"GET /static/js/unknownstation.js HTTP/1.1" 200 4481
"GET /static/assets/search.png HTTP/1.1" 200 2928
"GET /static/favicon/site.webmanifest HTTP/1.1" 200 287
"GET /static/favicon/favicon-32x32.png HTTP/1.1" 200 748
"GET /static/favicon/favicon-16x16.png HTTP/1.1" 200 876
"GET /blog/write/ HTTP/1.1" 200 4309
"GET /static/css/style.css HTTP/1.1" 200 6566
"GET /static/favicon/favicon-32x32.png HTTP/1.1" 200 748
"GET /blog/write/ HTTP/1.1" 200 4309
"GET /static/css/style.css HTTP/1.1" 200 6632
"GET /static/css/markdown.css HTTP/1.1" 200 12253
"GET /static/js/unknownstation.js HTTP/1.1" 200 4481
"GET /static/assets/search.png HTTP/1.1" 200 2928
"GET /static/favicon/site.webmanifest HTTP/1.1" 200 287
"GET /static/favicon/favicon-32x32.png HTTP/1.1" 200 748
"GET /static/favicon/favicon-16x16.png HTTP/1.1" 200 876
"GET /blog/write/ HTTP/1.1" 200 4309
"GET /static/css/style.css HTTP/1.1" 200 6632
"GET /static/css/markdown.css HTTP/1.1" 200 12253
"GET /static/js/unknownstation.js HTTP/1.1" 200 4481
"GET /static/assets/search.png HTTP/1.1" 200 2928
"GET /static/favicon/site.webmanifest HTTP/1.1" 200 287
"GET /static/favicon/favicon-32x32.png HTTP/1.1" 200 748
"GET /static/favicon/favicon-16x16.png HTTP/1.1" 200 876
"GET /blog/write/ HTTP/1.1" 200 4309
"GET /static/css/style.css HTTP/1.1" 200 6676
"GET /static/css/markdown.css HTTP/1.1" 200 12253
"GET /static/js/unknownstation.js HTTP/1.1" 200 4481
"GET /static/assets/search.png HTTP/1.1" 200 2928
"GET /static/favicon/site.webmanifest HTTP/1.1" 200 287
"GET /static/favicon/favicon-32x32.png HTTP/1.1" 200 748
"GET /static/favicon/favicon-16x16.png HTTP/1.1" 200 876
"GET /blog/write/ HTTP/1.1" 200 4309
"GET /static/css/style.css HTTP/1.1" 200 6675
"GET /static/css/markdown.css HTTP/1.1" 200 12253
"GET /static/js/unknownstation.js HTTP/1.1" 200 4481
"GET /static/assets/search.png HTTP/1.1" 200 2928
"GET /static/favicon/site.webmanifest HTTP/1.1" 200 287
"GET /static/favicon/favicon-32x32.png HTTP/1.1" 200 748
"GET /static/favicon/favicon-16x16.png HTTP/1.1" 200 876
"GET /blog/write/ HTTP/1.1" 200 4309
"GET /static/css/style.css HTTP/1.1" 200 6675
"GET /static/css/markdown.css HTTP/1.1" 200 12253
"GET /static/js/unknownstation.js HTTP/1.1" 200 4481
"GET /static/assets/search.png HTTP/1.1" 200 2928
"GET /static/favicon/site.webmanifest HTTP/1.1" 200 287
"GET /static/favicon/favicon-32x32.png HTTP/1.1" 200 748
"GET /static/favicon/favicon-16x16.png HTTP/1.1" 200 876
"GET /blog/write/ HTTP/1.1" 200 4309
"GET /static/css/style.css HTTP/1.1" 200 6675
"GET /static/css/markdown.css HTTP/1.1" 304 0
"GET /static/assets/search.png HTTP/1.1" 304 0
"GET /static/favicon/favicon-32x32.png HTTP/1.1" 200 748
"GET /blog/write/ HTTP/1.1" 200 4309
"GET /static/css/style.css HTTP/1.1" 200 6718
"GET /static/css/markdown.css HTTP/1.1" 200 12253
"GET /static/js/unknownstation.js HTTP/1.1" 200 4481
"GET /static/assets/search.png HTTP/1.1" 200 2928
"GET /static/favicon/site.webmanifest HTTP/1.1" 200 287
"GET /static/favicon/favicon-32x32.png HTTP/1.1" 200 748
"GET /static/favicon/favicon-16x16.png HTTP/1.1" 200 876
"GET /blog/write/ HTTP/1.1" 200 4309
"GET /static/css/style.css HTTP/1.1" 200 6702
"GET /static/js/unknownstation.js HTTP/1.1" 200 4481
"GET /static/css/markdown.css HTTP/1.1" 200 12253
"GET /static/assets/search.png HTTP/1.1" 200 2928
"GET /static/favicon/site.webmanifest HTTP/1.1" 200 287
"GET /static/favicon/favicon-32x32.png HTTP/1.1" 200 748
"GET /static/favicon/favicon-16x16.png HTTP/1.1" 200 876
"GET /blog/logout/ HTTP/1.1" 302 0
"GET /blog/ HTTP/1.1" 200 4073
"GET /static/css/style.css HTTP/1.1" 304 0
2019-01-26 16:55:46 [post detail] 13/published test
"GET /blog/detail/13/ HTTP/1.1" 200 3239
"GET /static/css/style.css HTTP/1.1" 304 0
"GET /blog/ HTTP/1.1" 200 4073
"GET /static/css/style.css HTTP/1.1" 304 0
"GET /blog/month/ HTTP/1.1" 200 3250
"GET /static/css/style.css HTTP/1.1" 304 0
"GET /blog/category/ HTTP/1.1" 200 3167
"GET /blog/category/talk/1 HTTP/1.1" 200 3713
"GET /static/css/style.css HTTP/1.1" 304 0
